[INFO] Scanning for projects...
[INFO] 
[INFO] ------------------< com.example:contentieux-security >------------------
[INFO] Building contentieux-security 0.0.1-SNAPSHOT
[INFO]   from pom.xml
[INFO] --------------------------------[ jar ]---------------------------------
[INFO] 
[INFO] --- resources:3.3.1:resources (default-resources) @ contentieux-security ---
[INFO] Copying 1 resource from src\main\resources to target\classes
[INFO] Copying 3 resources from src\main\resources to target\classes
[INFO] 
[INFO] --- compiler:3.14.1:compile (default-compile) @ contentieux-security ---
[INFO] Recompiling the module because of changed source code.
[INFO] Compiling 69 source files with javac [debug parameters release 21] to target\classes
[INFO] Annotation processing is enabled because one or more processors were found
  on the class path. A future release of javac may disable annotation processing
  unless at least one processor is specified by name (-processor), or a search
  path is specified (--processor-path, --processor-module-path), or annotation
  processing is enabled explicitly (-proc:only, -proc:full).
  Use -Xlint:-options to suppress this message.
  Use -proc:none to disable annotation processing.
[INFO] /C:/Users/Oumaima/Desktop/application-web-de-gestion-de-contentieux-bancaire/Downloads/contentieux-security/contentieux-security/src/main/java/com/example/contentieux_security/controller/UtilisateurController.java: Some input files use unchecked or unsafe operations.
[INFO] /C:/Users/Oumaima/Desktop/application-web-de-gestion-de-contentieux-bancaire/Downloads/contentieux-security/contentieux-security/src/main/java/com/example/contentieux_security/controller/UtilisateurController.java: Recompile with -Xlint:unchecked for details.
[INFO] ------------------------------------------------------------------------
[INFO] BUILD SUCCESS
[INFO] ------------------------------------------------------------------------
[INFO] Total time:  6.069 s
[INFO] Finished at: 2026-02-26T19:11:51+01:00
[INFO] ------------------------------------------------------------------------
